[2025-09-21 12:54:53] HttpCache: bypass: session cookie present
[2025-09-21 12:54:53] HttpCache: bypass: session cookie present
[2025-09-21 12:54:54] HttpCache: bypass: session cookie present
[2025-09-21 12:54:54] HttpCache: bypass: session cookie present
[2025-09-21 12:54:54] HttpCache: bypass: session cookie present
[2025-09-21 12:54:54] HttpCache: bypass: session cookie present
[2025-09-21 12:54:54] HttpCache: bypass: session cookie present
[2025-09-21 12:54:54] HttpCache: bypass: session cookie present
[2025-09-21 12:54:58] HttpCache: bypass: session cookie present
[2025-09-21 12:54:58] HttpCache: bypass: session cookie present
[2025-09-21 12:54:58] HttpCache: bypass: session cookie present
[2025-09-21 12:54:58] HttpCache: bypass: session cookie present
[2025-09-21 12:54:58] HttpCache: bypass: session cookie present
[2025-09-21 12:54:58] HttpCache: bypass: session cookie present
[2025-09-21 12:54:59] HttpCache: bypass: session cookie present
[2025-09-21 12:54:59] HttpCache: bypass: session cookie present
[2025-09-21 12:55:04] HttpCache: bypass: session cookie present
[2025-09-21 12:55:04] HttpCache: bypass: session cookie present
[2025-09-21 12:55:04] HttpCache: bypass: session cookie present
[2025-09-21 12:55:04] HttpCache: bypass: session cookie present
[2025-09-21 12:55:04] HttpCache: bypass: session cookie present
[2025-09-21 12:55:04] HttpCache: bypass: session cookie present
[2025-09-21 12:55:04] HttpCache: bypass: session cookie present
[2025-09-21 12:55:04] HttpCache: bypass: session cookie present
[2025-09-21 12:55:04] HttpCache: bypass: session cookie present
[2025-09-21 12:55:04] HttpCache: bypass: session cookie present
[2025-09-21 12:55:04] HttpCache: bypass: session cookie present
[2025-09-21 12:55:04] HttpCache: bypass: session cookie present
[2025-09-21 12:55:05] HttpCache: bypass: session cookie present
[2025-09-21 12:55:05] HttpCache: bypass: session cookie present
[2025-09-21 12:55:05] HttpCache: bypass: session cookie present
[2025-09-21 12:55:05] HttpCache: bypass: session cookie present
[2025-09-21 12:55:05] HttpCache: bypass: session cookie present
[2025-09-21 12:55:05] HttpCache: bypass: session cookie present
[2025-09-21 12:55:05] HttpCache: bypass: session cookie present
[2025-09-21 12:55:05] HttpCache: bypass: session cookie present
[2025-09-21 12:55:05] HttpCache: bypass: session cookie present
[2025-09-21 12:55:05] HttpCache: bypass: session cookie present
[2025-09-21 12:55:05] HttpCache: bypass: session cookie present
[2025-09-21 12:55:05] HttpCache: bypass: session cookie present
[2025-09-21 12:55:09] HttpCache: bypass: session cookie present
[2025-09-21 12:55:09] HttpCache: bypass: session cookie present
[2025-09-21 12:55:09] HttpCache: bypass: session cookie present
[2025-09-21 12:55:10] HttpCache: bypass: session cookie present
[2025-09-21 12:55:10] HttpCache: bypass: session cookie present
[2025-09-21 12:55:10] HttpCache: bypass: session cookie present
[2025-09-21 12:55:10] HttpCache: bypass: session cookie present
[2025-09-21 12:55:10] HttpCache: bypass: session cookie present
[2025-09-21 12:55:10] HttpCache: bypass: session cookie present
[2025-09-21 12:55:13] HttpCache: bypass: session cookie present
[2025-09-21 12:55:13] HttpCache: bypass: session cookie present
[2025-09-21 12:55:13] HttpCache: bypass: session cookie present
[2025-09-21 12:55:13] HttpCache: bypass: session cookie present
[2025-09-21 12:55:13] HttpCache: bypass: session cookie present
[2025-09-21 12:55:13] HttpCache: bypass: session cookie present
[2025-09-21 12:55:13] HttpCache: bypass: session cookie present
[2025-09-21 12:55:13] HttpCache: bypass: session cookie present
[2025-09-21 12:55:13] HttpCache: bypass: session cookie present
[2025-09-21 12:55:40] HttpCache: bypass: session cookie present
[2025-09-21 12:55:40] HttpCache: bypass: session cookie present
[2025-09-21 12:55:40] HttpCache: bypass: session cookie present
[2025-09-21 12:55:40] HttpCache: bypass: session cookie present
[2025-09-21 12:55:40] HttpCache: bypass: session cookie present
[2025-09-21 12:55:40] HttpCache: bypass: session cookie present
[2025-09-21 12:55:40] HttpCache: bypass: session cookie present
[2025-09-21 12:55:40] HttpCache: bypass: session cookie present
[2025-09-21 12:55:40] HttpCache: bypass: session cookie present
[2025-09-21 12:55:47] HttpCache: bypass: session cookie present
[2025-09-21 12:55:47] HttpCache: bypass: session cookie present
[2025-09-21 12:55:50] HttpCache: bypass: session cookie present
[2025-09-21 12:55:50] HttpCache: bypass: session cookie present
[2025-09-21 12:55:53] HttpCache: bypass: session cookie present
[2025-09-21 12:55:53] HttpCache: bypass: session cookie present
[2025-09-21 12:55:55] HttpCache: bypass: session cookie present
[2025-09-21 12:55:55] HttpCache: bypass: session cookie present
[2025-09-21 12:56:56] HttpCache: bypass: session cookie present
[2025-09-21 12:56:56] HttpCache: bypass: session cookie present
[2025-09-21 12:56:56] HttpCache: bypass: session cookie present
[2025-09-21 12:56:56] HttpCache: bypass: session cookie present
[2025-09-21 12:56:56] HttpCache: bypass: session cookie present
[2025-09-21 12:56:56] HttpCache: bypass: session cookie present
[2025-09-21 12:56:56] HttpCache: bypass: session cookie present
[2025-09-21 12:56:56] HttpCache: bypass: session cookie present
[2025-09-21 13:02:37] HttpCache: bypass: excluded path /lang/es by #^/lang($|/)#
[2025-09-21 13:02:43] HttpCache: MISS (no file): C:\inetpub\wwwroot\e2ce.com/storage/cache/html\66\66840ab11651b1ca1880022100cc8df3.json
[2025-09-21 13:02:43] HttpCache: STORE skip: set-cookie present
[2025-09-21 13:04:17] HttpCache: EXPIRED: C:\inetpub\wwwroot\e2ce.com/storage/cache/html\f7\f74f1ff262a6ccb7a6280f50b55a95f5.json
[2025-09-21 13:04:17] HttpCache: STORE skip: set-cookie present
[2025-09-21 13:06:39] HttpCache: bypass: session cookie present
[2025-09-21 13:06:39] HttpCache: bypass: session cookie present
[2025-09-21 13:06:40] HttpCache: bypass: session cookie present
[2025-09-21 13:06:40] HttpCache: bypass: session cookie present
[2025-09-21 13:06:40] HttpCache: bypass: session cookie present
[2025-09-21 13:06:40] HttpCache: bypass: session cookie present
[2025-09-21 13:06:40] HttpCache: bypass: session cookie present
[2025-09-21 13:06:40] HttpCache: bypass: session cookie present
[2025-09-21 13:06:44] HttpCache: bypass: session cookie present
[2025-09-21 13:06:44] HttpCache: bypass: session cookie present
[2025-09-21 13:06:44] HttpCache: bypass: session cookie present
[2025-09-21 13:06:44] HttpCache: bypass: session cookie present
[2025-09-21 13:06:44] HttpCache: bypass: session cookie present
[2025-09-21 13:06:44] HttpCache: bypass: session cookie present
[2025-09-21 13:06:44] HttpCache: bypass: session cookie present
[2025-09-21 13:06:44] HttpCache: bypass: session cookie present
[2025-09-21 13:06:48] HttpCache: bypass: session cookie present
[2025-09-21 13:06:48] HttpCache: bypass: session cookie present
[2025-09-21 13:06:48] HttpCache: bypass: session cookie present
[2025-09-21 13:06:48] HttpCache: bypass: session cookie present
[2025-09-21 13:06:48] HttpCache: bypass: session cookie present
[2025-09-21 13:06:48] HttpCache: bypass: session cookie present
[2025-09-21 13:06:48] HttpCache: bypass: session cookie present
[2025-09-21 13:06:48] HttpCache: bypass: session cookie present
[2025-09-21 13:06:53] HttpCache: bypass: session cookie present
[2025-09-21 13:06:53] HttpCache: bypass: session cookie present
[2025-09-21 13:06:53] HttpCache: bypass: session cookie present
[2025-09-21 13:06:53] HttpCache: bypass: session cookie present
[2025-09-21 13:06:53] HttpCache: bypass: session cookie present
[2025-09-21 13:06:53] HttpCache: bypass: session cookie present
[2025-09-21 13:06:54] HttpCache: bypass: session cookie present
[2025-09-21 13:06:54] HttpCache: bypass: session cookie present
[2025-09-21 13:06:54] HttpCache: bypass: session cookie present
[2025-09-21 13:06:54] HttpCache: bypass: session cookie present
[2025-09-21 13:06:54] HttpCache: bypass: session cookie present
[2025-09-21 13:06:54] HttpCache: bypass: session cookie present
[2025-09-21 13:06:54] HttpCache: bypass: session cookie present
[2025-09-21 13:06:54] HttpCache: bypass: session cookie present
[2025-09-21 13:06:54] HttpCache: bypass: session cookie present
[2025-09-21 13:06:54] HttpCache: bypass: session cookie present
[2025-09-21 13:06:56] HttpCache: bypass: session cookie present
[2025-09-21 13:06:56] HttpCache: bypass: session cookie present
[2025-09-21 13:06:56] HttpCache: bypass: session cookie present
[2025-09-21 13:06:56] HttpCache: bypass: session cookie present
[2025-09-21 13:06:56] HttpCache: bypass: session cookie present
[2025-09-21 13:06:56] HttpCache: bypass: session cookie present
[2025-09-21 13:06:56] HttpCache: bypass: session cookie present
[2025-09-21 13:06:56] HttpCache: bypass: session cookie present
[2025-09-21 13:06:59] HttpCache: bypass: session cookie present
[2025-09-21 13:06:59] HttpCache: bypass: session cookie present
[2025-09-21 13:08:29] HttpCache: MISS (no file): C:\inetpub\wwwroot\e2ce.com/storage/cache/html\68\68a7d441b17c26a31e24aa30c634c144.json
[2025-09-21 13:08:29] HttpCache: STORE skip: status=404
[2025-09-21 13:08:29] HttpCache: MISS (no file): C:\inetpub\wwwroot\e2ce.com/storage/cache/html\1d\1d45116c498a313d7fe1365ab071174e.json
[2025-09-21 13:08:29] HttpCache: STORE skip: status=404
[2025-09-21 13:08:30] HttpCache: MISS (no file): C:\inetpub\wwwroot\e2ce.com/storage/cache/html\09\0942093191560b7519df5a6e2b632c60.json
[2025-09-21 13:08:30] HttpCache: STORE skip: status=404
[2025-09-21 13:08:30] HttpCache: bypass: session cookie present
[2025-09-21 13:08:30] HttpCache: bypass: session cookie present
[2025-09-21 13:08:30] HttpCache: MISS (no file): C:\inetpub\wwwroot\e2ce.com/storage/cache/html\2f\2fa0824b132618a62fc3a9d5479adf13.json
[2025-09-21 13:08:30] HttpCache: STORE skip: status=404
[2025-09-21 13:08:30] HttpCache: bypass: session cookie present
[2025-09-21 13:08:30] HttpCache: bypass: session cookie present
[2025-09-21 13:08:30] HttpCache: bypass: session cookie present
[2025-09-21 13:08:30] HttpCache: bypass: session cookie present
[2025-09-21 13:08:30] HttpCache: MISS (no file): C:\inetpub\wwwroot\e2ce.com/storage/cache/html\3e\3ea3e18a97491210c8784be2912dfaa1.json
[2025-09-21 13:08:30] HttpCache: STORE skip: status=404
[2025-09-21 13:08:30] HttpCache: bypass: session cookie present
[2025-09-21 13:08:30] HttpCache: bypass: session cookie present
[2025-09-21 13:08:30] HttpCache: MISS (no file): C:\inetpub\wwwroot\e2ce.com/storage/cache/html\63\6343da6b9ffb06815058351575ae6a7a.json
[2025-09-21 13:08:30] HttpCache: STORE skip: status=404
[2025-09-21 13:08:31] HttpCache: MISS (no file): C:\inetpub\wwwroot\e2ce.com/storage/cache/html\57\57cb8d8bc6a7db8b82513b442a652220.json
[2025-09-21 13:08:31] HttpCache: STORE skip: status=404
[2025-09-21 13:08:31] HttpCache: MISS (no file): C:\inetpub\wwwroot\e2ce.com/storage/cache/html\8d\8d495f7999e41a4566f151c16b04966b.json
[2025-09-21 13:08:31] HttpCache: STORE skip: status=404
[2025-09-21 13:08:31] HttpCache: MISS (no file): C:\inetpub\wwwroot\e2ce.com/storage/cache/html\63\637da3fd8cd6dc3da0ae748ae166f92b.json
[2025-09-21 13:08:31] HttpCache: STORE skip: status=404
[2025-09-21 13:08:31] HttpCache: MISS (no file): C:\inetpub\wwwroot\e2ce.com/storage/cache/html\13\1337ee16ef5468dda38a8118d188ceb0.json
[2025-09-21 13:08:31] HttpCache: STORE skip: status=404
[2025-09-21 13:08:32] HttpCache: MISS (no file): C:\inetpub\wwwroot\e2ce.com/storage/cache/html\2c\2c2a20a52cb6fcfba65b7d2f65717a29.json
[2025-09-21 13:08:32] HttpCache: STORE skip: status=404
[2025-09-21 13:08:32] HttpCache: MISS (no file): C:\inetpub\wwwroot\e2ce.com/storage/cache/html\ee\ee6ca454e2539b337f8746e06909877a.json
[2025-09-21 13:08:32] HttpCache: STORE skip: status=404
[2025-09-21 13:08:32] HttpCache: MISS (no file): C:\inetpub\wwwroot\e2ce.com/storage/cache/html\b3\b39e7252a3eeb412523b3aa906f29977.json
[2025-09-21 13:08:32] HttpCache: STORE skip: status=404
[2025-09-21 13:08:32] HttpCache: MISS (no file): C:\inetpub\wwwroot\e2ce.com/storage/cache/html\e3\e3271383faf4c5379052960304528857.json
[2025-09-21 13:08:32] HttpCache: STORE skip: status=404
[2025-09-21 13:08:32] HttpCache: MISS (no file): C:\inetpub\wwwroot\e2ce.com/storage/cache/html\5d\5d54f03042ccf72e4843fe738ccedd1b.json
[2025-09-21 13:08:32] HttpCache: STORE skip: status=404
[2025-09-21 13:08:33] HttpCache: MISS (no file): C:\inetpub\wwwroot\e2ce.com/storage/cache/html\57\573b9ea68d41f8b96c77c3a67f6776d4.json
[2025-09-21 13:08:33] HttpCache: STORE skip: status=404
[2025-09-21 13:08:33] HttpCache: MISS (no file): C:\inetpub\wwwroot\e2ce.com/storage/cache/html\b0\b0ad351a8279c8e047312e95f2df48cc.json
[2025-09-21 13:08:33] HttpCache: STORE skip: status=404
[2025-09-21 13:09:56] HttpCache: bypass: session cookie present
[2025-09-21 13:09:56] HttpCache: bypass: session cookie present
[2025-09-21 13:09:56] HttpCache: bypass: session cookie present
[2025-09-21 13:09:56] HttpCache: bypass: session cookie present
[2025-09-21 13:09:56] HttpCache: bypass: session cookie present
[2025-09-21 13:09:56] HttpCache: bypass: session cookie present
[2025-09-21 13:09:56] HttpCache: bypass: session cookie present
[2025-09-21 13:09:56] HttpCache: bypass: session cookie present
[2025-09-21 13:09:57] HttpCache: bypass: session cookie present
[2025-09-21 13:09:57] HttpCache: bypass: session cookie present
[2025-09-21 13:10:19] HttpCache: bypass: method=POST
[2025-09-21 13:10:19] HttpCache: PURGE PATHS count=12 deleted=0
[2025-09-21 13:10:19] HttpCache: bypass: session cookie present
[2025-09-21 13:10:19] HttpCache: bypass: session cookie present
[2025-09-21 13:10:20] HttpCache: bypass: session cookie present
[2025-09-21 13:10:20] HttpCache: bypass: session cookie present
[2025-09-21 13:10:20] HttpCache: bypass: session cookie present
[2025-09-21 13:10:20] HttpCache: bypass: session cookie present
[2025-09-21 13:10:20] HttpCache: bypass: session cookie present
[2025-09-21 13:10:20] HttpCache: bypass: session cookie present
[2025-09-21 13:10:26] HttpCache: bypass: session cookie present
[2025-09-21 13:10:26] HttpCache: bypass: session cookie present
[2025-09-21 13:10:26] HttpCache: bypass: session cookie present
[2025-09-21 13:10:26] HttpCache: bypass: session cookie present
[2025-09-21 13:10:26] HttpCache: bypass: session cookie present
[2025-09-21 13:10:26] HttpCache: bypass: session cookie present
[2025-09-21 13:10:26] HttpCache: bypass: session cookie present
[2025-09-21 13:10:26] HttpCache: bypass: session cookie present
[2025-09-21 13:10:27] HttpCache: bypass: session cookie present
[2025-09-21 13:10:27] HttpCache: bypass: session cookie present
[2025-09-21 13:10:35] HttpCache: bypass: session cookie present
[2025-09-21 13:10:35] HttpCache: bypass: session cookie present
[2025-09-21 13:10:36] HttpCache: bypass: session cookie present
[2025-09-21 13:10:36] HttpCache: bypass: session cookie present
[2025-09-21 13:10:36] HttpCache: bypass: session cookie present
[2025-09-21 13:10:36] HttpCache: bypass: session cookie present
[2025-09-21 13:10:36] HttpCache: bypass: session cookie present
[2025-09-21 13:10:36] HttpCache: bypass: session cookie present
[2025-09-21 13:10:41] HttpCache: bypass: session cookie present
[2025-09-21 13:10:41] HttpCache: bypass: session cookie present
[2025-09-21 13:11:03] HttpCache: bypass: session cookie present
[2025-09-21 13:11:03] HttpCache: bypass: session cookie present
[2025-09-21 13:11:03] HttpCache: bypass: session cookie present
[2025-09-21 13:11:03] HttpCache: bypass: session cookie present
[2025-09-21 13:11:03] HttpCache: bypass: session cookie present
[2025-09-21 13:11:03] HttpCache: bypass: session cookie present
[2025-09-21 13:11:04] HttpCache: bypass: session cookie present
[2025-09-21 13:11:04] HttpCache: bypass: session cookie present
[2025-09-21 13:11:07] HttpCache: bypass: session cookie present
[2025-09-21 13:11:07] HttpCache: bypass: session cookie present
[2025-09-21 13:11:20] HttpCache: bypass: method=POST
[2025-09-21 13:11:20] HttpCache: PURGE PATHS count=12 deleted=0
[2025-09-21 13:11:20] HttpCache: bypass: session cookie present
[2025-09-21 13:11:20] HttpCache: bypass: session cookie present
[2025-09-21 13:11:21] HttpCache: bypass: session cookie present
[2025-09-21 13:11:21] HttpCache: bypass: session cookie present
[2025-09-21 13:11:21] HttpCache: bypass: session cookie present
[2025-09-21 13:11:21] HttpCache: bypass: session cookie present
[2025-09-21 13:11:21] HttpCache: bypass: session cookie present
[2025-09-21 13:11:21] HttpCache: bypass: session cookie present
[2025-09-21 13:11:23] HttpCache: bypass: session cookie present
[2025-09-21 13:11:23] HttpCache: bypass: session cookie present
[2025-09-21 13:11:23] HttpCache: bypass: session cookie present
[2025-09-21 13:11:23] HttpCache: bypass: session cookie present
[2025-09-21 13:11:24] HttpCache: bypass: session cookie present
[2025-09-21 13:11:24] HttpCache: bypass: session cookie present
[2025-09-21 13:11:24] HttpCache: bypass: session cookie present
[2025-09-21 13:11:24] HttpCache: bypass: session cookie present
[2025-09-21 13:11:24] HttpCache: bypass: session cookie present
[2025-09-21 13:11:24] HttpCache: bypass: session cookie present
[2025-09-21 13:11:41] HttpCache: bypass: session cookie present
[2025-09-21 13:11:41] HttpCache: bypass: session cookie present
[2025-09-21 13:11:58] HttpCache: bypass: excluded path /lang/de by #^/lang($|/)#
[2025-09-21 13:12:01] HttpCache: MISS (no file): C:\inetpub\wwwroot\e2ce.com/storage/cache/html\66\66840ab11651b1ca1880022100cc8df3.json
[2025-09-21 13:12:01] HttpCache: STORE skip: set-cookie present
[2025-09-21 13:16:41] HttpCache: bypass: session cookie present
[2025-09-21 13:16:41] HttpCache: bypass: session cookie present
[2025-09-21 13:16:41] HttpCache: bypass: session cookie present
[2025-09-21 13:16:41] HttpCache: bypass: session cookie present
[2025-09-21 13:16:41] HttpCache: bypass: session cookie present
[2025-09-21 13:16:41] HttpCache: bypass: session cookie present
[2025-09-21 13:16:41] HttpCache: bypass: session cookie present
[2025-09-21 13:16:41] HttpCache: bypass: session cookie present
[2025-09-21 13:16:41] HttpCache: bypass: session cookie present
[2025-09-21 13:16:41] HttpCache: bypass: session cookie present
[2025-09-21 13:16:41] HttpCache: bypass: session cookie present
[2025-09-21 13:16:41] HttpCache: bypass: session cookie present
[2025-09-21 13:16:41] HttpCache: bypass: session cookie present
[2025-09-21 13:16:41] HttpCache: bypass: session cookie present
[2025-09-21 13:16:42] HttpCache: bypass: session cookie present
[2025-09-21 13:16:42] HttpCache: bypass: session cookie present
[2025-09-21 13:16:42] HttpCache: bypass: session cookie present
[2025-09-21 13:16:42] HttpCache: bypass: session cookie present
[2025-09-21 13:19:46] HttpCache: bypass: session cookie present
[2025-09-21 13:19:46] HttpCache: bypass: session cookie present
[2025-09-21 13:19:46] HttpCache: bypass: session cookie present
[2025-09-21 13:19:46] HttpCache: bypass: session cookie present
[2025-09-21 13:19:47] HttpCache: bypass: session cookie present
[2025-09-21 13:19:47] HttpCache: bypass: session cookie present
[2025-09-21 13:19:47] HttpCache: bypass: session cookie present
[2025-09-21 13:19:47] HttpCache: bypass: session cookie present
[2025-09-21 13:19:47] HttpCache: bypass: session cookie present
[2025-09-21 13:19:47] HttpCache: bypass: session cookie present
[2025-09-21 13:19:48] HttpCache: bypass: session cookie present
[2025-09-21 13:19:48] HttpCache: bypass: session cookie present
[2025-09-21 13:19:49] HttpCache: bypass: session cookie present
[2025-09-21 13:19:49] HttpCache: bypass: session cookie present
[2025-09-21 13:19:54] HttpCache: bypass: session cookie present
[2025-09-21 13:19:54] HttpCache: bypass: session cookie present
[2025-09-21 13:22:38] HttpCache: bypass: session cookie present
[2025-09-21 13:22:38] HttpCache: bypass: session cookie present
[2025-09-21 13:22:38] HttpCache: bypass: session cookie present
[2025-09-21 13:22:38] HttpCache: bypass: session cookie present
[2025-09-21 13:22:38] HttpCache: bypass: session cookie present
[2025-09-21 13:22:38] HttpCache: bypass: session cookie present
[2025-09-21 13:22:38] HttpCache: bypass: session cookie present
[2025-09-21 13:22:38] HttpCache: bypass: session cookie present
[2025-09-21 13:22:38] HttpCache: bypass: session cookie present
[2025-09-21 13:22:38] HttpCache: bypass: session cookie present
[2025-09-21 13:22:38] HttpCache: bypass: session cookie present
[2025-09-21 13:22:38] HttpCache: bypass: session cookie present
[2025-09-21 13:22:38] HttpCache: bypass: session cookie present
[2025-09-21 13:22:38] HttpCache: bypass: session cookie present
[2025-09-21 13:22:39] HttpCache: bypass: session cookie present
[2025-09-21 13:22:39] HttpCache: bypass: session cookie present
[2025-09-21 13:22:39] HttpCache: bypass: session cookie present
[2025-09-21 13:22:39] HttpCache: bypass: session cookie present
[2025-09-21 13:23:47] HttpCache: bypass: session cookie present
[2025-09-21 13:23:47] HttpCache: bypass: session cookie present
[2025-09-21 13:24:17] HttpCache: bypass: excluded path /lang/ru by #^/lang($|/)#
[2025-09-21 13:24:23] HttpCache: MISS (no file): C:\inetpub\wwwroot\e2ce.com/storage/cache/html\66\66840ab11651b1ca1880022100cc8df3.json
[2025-09-21 13:24:23] HttpCache: STORE skip: set-cookie present
[2025-09-21 13:24:35] HttpCache: bypass: session cookie present
[2025-09-21 13:24:35] HttpCache: bypass: session cookie present
[2025-09-21 13:27:05] HttpCache: bypass: session cookie present
[2025-09-21 13:27:05] HttpCache: bypass: session cookie present
[2025-09-21 13:27:06] HttpCache: bypass: session cookie present
[2025-09-21 13:27:06] HttpCache: bypass: session cookie present
[2025-09-21 13:27:06] HttpCache: bypass: session cookie present
[2025-09-21 13:27:06] HttpCache: bypass: session cookie present
[2025-09-21 13:27:34] HttpCache: bypass: session cookie present
[2025-09-21 13:27:34] HttpCache: bypass: session cookie present
[2025-09-21 13:27:35] HttpCache: bypass: session cookie present
[2025-09-21 13:27:35] HttpCache: bypass: session cookie present
[2025-09-21 13:27:35] HttpCache: bypass: session cookie present
[2025-09-21 13:27:35] HttpCache: bypass: session cookie present
[2025-09-21 13:27:36] HttpCache: bypass: session cookie present
[2025-09-21 13:27:36] HttpCache: bypass: session cookie present
[2025-09-21 13:27:37] HttpCache: bypass: session cookie present
[2025-09-21 13:27:37] HttpCache: bypass: session cookie present
[2025-09-21 13:27:37] HttpCache: bypass: session cookie present
[2025-09-21 13:27:37] HttpCache: bypass: session cookie present
[2025-09-21 13:27:37] HttpCache: bypass: session cookie present
[2025-09-21 13:27:37] HttpCache: bypass: session cookie present
[2025-09-21 13:27:38] HttpCache: bypass: session cookie present
[2025-09-21 13:27:38] HttpCache: bypass: session cookie present
[2025-09-21 13:27:39] HttpCache: bypass: session cookie present
[2025-09-21 13:27:39] HttpCache: bypass: session cookie present
[2025-09-21 13:27:39] HttpCache: bypass: session cookie present
[2025-09-21 13:27:39] HttpCache: bypass: session cookie present
[2025-09-21 13:27:40] HttpCache: bypass: session cookie present
[2025-09-21 13:27:40] HttpCache: bypass: session cookie present
[2025-09-21 13:27:40] HttpCache: bypass: session cookie present
[2025-09-21 13:27:40] HttpCache: bypass: session cookie present
[2025-09-21 13:27:41] HttpCache: bypass: session cookie present
[2025-09-21 13:27:41] HttpCache: bypass: session cookie present
[2025-09-21 13:27:41] HttpCache: bypass: session cookie present
[2025-09-21 13:27:41] HttpCache: bypass: session cookie present
[2025-09-21 13:27:41] HttpCache: bypass: session cookie present
[2025-09-21 13:27:41] HttpCache: bypass: session cookie present
[2025-09-21 13:27:41] HttpCache: bypass: session cookie present
[2025-09-21 13:27:41] HttpCache: bypass: session cookie present
[2025-09-21 13:27:47] HttpCache: bypass: session cookie present
[2025-09-21 13:27:47] HttpCache: bypass: session cookie present
[2025-09-21 13:27:47] HttpCache: bypass: session cookie present
[2025-09-21 13:27:47] HttpCache: bypass: session cookie present
[2025-09-21 13:27:53] HttpCache: bypass: session cookie present
[2025-09-21 13:27:53] HttpCache: bypass: session cookie present
[2025-09-21 13:27:54] HttpCache: bypass: session cookie present
[2025-09-21 13:27:54] HttpCache: bypass: session cookie present
[2025-09-21 13:28:11] HttpCache: bypass: session cookie present
[2025-09-21 13:28:11] HttpCache: bypass: session cookie present
[2025-09-21 13:28:16] HttpCache: bypass: session cookie present
[2025-09-21 13:28:16] HttpCache: bypass: session cookie present
[2025-09-21 13:30:17] HttpCache: bypass: session cookie present
[2025-09-21 13:30:17] HttpCache: bypass: session cookie present
[2025-09-21 13:30:18] HttpCache: bypass: session cookie present
[2025-09-21 13:30:18] HttpCache: bypass: session cookie present
[2025-09-21 13:30:56] HttpCache: MISS (no file): C:\inetpub\wwwroot\e2ce.com/storage/cache/html\ce\cedacfabc0d4169ad676c56fdef1f2aa.json
[2025-09-21 13:30:56] HttpCache: STORE skip: set-cookie present
[2025-09-21 13:31:12] HttpCache: MISS (no file): C:\inetpub\wwwroot\e2ce.com/storage/cache/html\d0\d02b057e44e4ce482cc0fdfee7b5efe3.json
[2025-09-21 13:31:12] HttpCache: STORE skip: set-cookie present
[2025-09-21 13:31:12] HttpCache: MISS (no file): C:\inetpub\wwwroot\e2ce.com/storage/cache/html\8e\8ea0362ff68c6ca35a7393c9209378b9.json
[2025-09-21 13:31:12] HttpCache: STORE skip: status=404
[2025-09-21 13:31:17] HttpCache: MISS (no file): C:\inetpub\wwwroot\e2ce.com/storage/cache/html\ce\cedacfabc0d4169ad676c56fdef1f2aa.json
[2025-09-21 13:31:17] HttpCache: STORE skip: set-cookie present
[2025-09-21 13:31:20] HttpCache: MISS (no file): C:\inetpub\wwwroot\e2ce.com/storage/cache/html\d0\d02b057e44e4ce482cc0fdfee7b5efe3.json
[2025-09-21 13:31:20] HttpCache: STORE skip: set-cookie present
[2025-09-21 13:31:20] HttpCache: MISS (no file): C:\inetpub\wwwroot\e2ce.com/storage/cache/html\8e\8ea0362ff68c6ca35a7393c9209378b9.json
[2025-09-21 13:31:20] HttpCache: STORE skip: status=404
[2025-09-21 13:31:26] HttpCache: MISS (no file): C:\inetpub\wwwroot\e2ce.com/storage/cache/html\ce\cedacfabc0d4169ad676c56fdef1f2aa.json
[2025-09-21 13:31:26] HttpCache: STORE skip: set-cookie present
[2025-09-21 13:31:39] HttpCache: MISS (no file): C:\inetpub\wwwroot\e2ce.com/storage/cache/html\87\87a881e7165e49fd6a1efba4a0aeca9b.json
[2025-09-21 13:31:39] HttpCache: STORE skip: status=404
[2025-09-21 13:33:32] HttpCache: MISS (no file): C:\inetpub\wwwroot\e2ce.com/storage/cache/html\ce\cedacfabc0d4169ad676c56fdef1f2aa.json
[2025-09-21 13:33:32] HttpCache: STORE skip: set-cookie present
[2025-09-21 13:33:54] HttpCache: MISS (no file): C:\inetpub\wwwroot\e2ce.com/storage/cache/html\3e\3e183a83e23dbdad6917b8e50872db38.json
[2025-09-21 13:33:54] HttpCache: STORE skip: set-cookie present
[2025-09-21 13:33:54] HttpCache: MISS (no file): C:\inetpub\wwwroot\e2ce.com/storage/cache/html\8e\8ea0362ff68c6ca35a7393c9209378b9.json
[2025-09-21 13:33:54] HttpCache: STORE skip: status=404
[2025-09-21 13:34:02] HttpCache: MISS (no file): C:\inetpub\wwwroot\e2ce.com/storage/cache/html\1d\1d885c59ec4cc3dda5b4bd777ba836be.json
[2025-09-21 13:34:02] HttpCache: STORE skip: set-cookie present
[2025-09-21 13:34:07] HttpCache: MISS (no file): C:\inetpub\wwwroot\e2ce.com/storage/cache/html\3e\3e183a83e23dbdad6917b8e50872db38.json
[2025-09-21 13:34:07] HttpCache: STORE skip: set-cookie present
[2025-09-21 13:34:07] HttpCache: MISS (no file): C:\inetpub\wwwroot\e2ce.com/storage/cache/html\8e\8ea0362ff68c6ca35a7393c9209378b9.json
[2025-09-21 13:34:07] HttpCache: STORE skip: status=404
[2025-09-21 13:34:08] HttpCache: MISS (no file): C:\inetpub\wwwroot\e2ce.com/storage/cache/html\ce\cedacfabc0d4169ad676c56fdef1f2aa.json
[2025-09-21 13:34:08] HttpCache: STORE skip: set-cookie present
[2025-09-21 13:35:39] HttpCache: bypass: session cookie present
[2025-09-21 13:35:40] HttpCache: bypass: session cookie present
[2025-09-21 13:38:41] HttpCache: MISS (no file): C:\inetpub\wwwroot\e2ce.com/storage/cache/html\ce\cedacfabc0d4169ad676c56fdef1f2aa.json
[2025-09-21 13:38:42] HttpCache: STORE skip: set-cookie present
[2025-09-21 13:38:47] HttpCache: MISS (no file): C:\inetpub\wwwroot\e2ce.com/storage/cache/html\3e\3e183a83e23dbdad6917b8e50872db38.json
[2025-09-21 13:38:47] HttpCache: STORE skip: set-cookie present
[2025-09-21 13:38:47] HttpCache: MISS (no file): C:\inetpub\wwwroot\e2ce.com/storage/cache/html\8e\8ea0362ff68c6ca35a7393c9209378b9.json
[2025-09-21 13:38:47] HttpCache: STORE skip: status=404
[2025-09-21 13:38:48] HttpCache: MISS (no file): C:\inetpub\wwwroot\e2ce.com/storage/cache/html\ce\cedacfabc0d4169ad676c56fdef1f2aa.json
[2025-09-21 13:38:48] HttpCache: STORE skip: set-cookie present
[2025-09-21 13:43:16] HttpCache: MISS (no file): C:\inetpub\wwwroot\e2ce.com/storage/cache/html\00\009528c4b4ddd1f6950fb501b5035648.json
[2025-09-21 13:43:16] HttpCache: STORE skip: set-cookie present
[2025-09-21 13:43:52] HttpCache: MISS (no file): C:\inetpub\wwwroot\e2ce.com/storage/cache/html\3e\3e183a83e23dbdad6917b8e50872db38.json
[2025-09-21 13:43:52] HttpCache: STORE skip: set-cookie present
[2025-09-21 13:43:52] HttpCache: MISS (no file): C:\inetpub\wwwroot\e2ce.com/storage/cache/html\8e\8ea0362ff68c6ca35a7393c9209378b9.json
[2025-09-21 13:43:52] HttpCache: STORE skip: status=404
[2025-09-21 13:43:53] HttpCache: MISS (no file): C:\inetpub\wwwroot\e2ce.com/storage/cache/html\ce\cedacfabc0d4169ad676c56fdef1f2aa.json
[2025-09-21 13:43:53] HttpCache: STORE skip: set-cookie present
[2025-09-21 13:43:54] HttpCache: MISS (no file): C:\inetpub\wwwroot\e2ce.com/storage/cache/html\ce\cedacfabc0d4169ad676c56fdef1f2aa.json
[2025-09-21 13:43:54] HttpCache: STORE skip: set-cookie present
[2025-09-21 13:44:05] HttpCache: MISS (no file): C:\inetpub\wwwroot\e2ce.com/storage/cache/html\3e\3e183a83e23dbdad6917b8e50872db38.json
[2025-09-21 13:44:05] HttpCache: STORE skip: set-cookie present
[2025-09-21 13:44:05] HttpCache: MISS (no file): C:\inetpub\wwwroot\e2ce.com/storage/cache/html\8e\8ea0362ff68c6ca35a7393c9209378b9.json
[2025-09-21 13:44:05] HttpCache: STORE skip: status=404
[2025-09-21 13:44:08] HttpCache: MISS (no file): C:\inetpub\wwwroot\e2ce.com/storage/cache/html\3e\3e183a83e23dbdad6917b8e50872db38.json
[2025-09-21 13:44:08] HttpCache: STORE skip: set-cookie present
[2025-09-21 13:44:09] HttpCache: MISS (no file): C:\inetpub\wwwroot\e2ce.com/storage/cache/html\8e\8ea0362ff68c6ca35a7393c9209378b9.json
[2025-09-21 13:44:09] HttpCache: STORE skip: status=404
[2025-09-21 13:44:10] HttpCache: MISS (no file): C:\inetpub\wwwroot\e2ce.com/storage/cache/html\1d\1d885c59ec4cc3dda5b4bd777ba836be.json
[2025-09-21 13:44:10] HttpCache: STORE skip: set-cookie present
[2025-09-21 13:44:12] HttpCache: MISS (no file): C:\inetpub\wwwroot\e2ce.com/storage/cache/html\3e\3e183a83e23dbdad6917b8e50872db38.json
[2025-09-21 13:44:12] HttpCache: STORE skip: set-cookie present
[2025-09-21 13:44:12] HttpCache: MISS (no file): C:\inetpub\wwwroot\e2ce.com/storage/cache/html\8e\8ea0362ff68c6ca35a7393c9209378b9.json
[2025-09-21 13:44:12] HttpCache: STORE skip: status=404
[2025-09-21 13:44:16] HttpCache: MISS (no file): C:\inetpub\wwwroot\e2ce.com/storage/cache/html\3e\3e183a83e23dbdad6917b8e50872db38.json
[2025-09-21 13:44:16] HttpCache: STORE skip: set-cookie present
[2025-09-21 13:44:16] HttpCache: MISS (no file): C:\inetpub\wwwroot\e2ce.com/storage/cache/html\8e\8ea0362ff68c6ca35a7393c9209378b9.json
[2025-09-21 13:44:16] HttpCache: STORE skip: status=404
[2025-09-21 13:45:35] HttpCache: MISS (no file): C:\inetpub\wwwroot\e2ce.com/storage/cache/html\3e\3e183a83e23dbdad6917b8e50872db38.json
[2025-09-21 13:45:35] HttpCache: STORE skip: set-cookie present
[2025-09-21 13:45:35] HttpCache: MISS (no file): C:\inetpub\wwwroot\e2ce.com/storage/cache/html\8e\8ea0362ff68c6ca35a7393c9209378b9.json
[2025-09-21 13:45:35] HttpCache: STORE skip: status=404
[2025-09-21 13:45:36] HttpCache: MISS (no file): C:\inetpub\wwwroot\e2ce.com/storage/cache/html\3e\3e183a83e23dbdad6917b8e50872db38.json
[2025-09-21 13:45:36] HttpCache: STORE skip: set-cookie present
[2025-09-21 13:45:36] HttpCache: MISS (no file): C:\inetpub\wwwroot\e2ce.com/storage/cache/html\8e\8ea0362ff68c6ca35a7393c9209378b9.json
[2025-09-21 13:45:36] HttpCache: STORE skip: status=404
[2025-09-21 13:45:36] HttpCache: MISS (no file): C:\inetpub\wwwroot\e2ce.com/storage/cache/html\3e\3e183a83e23dbdad6917b8e50872db38.json
[2025-09-21 13:45:36] HttpCache: STORE skip: set-cookie present
[2025-09-21 13:45:37] HttpCache: MISS (no file): C:\inetpub\wwwroot\e2ce.com/storage/cache/html\8e\8ea0362ff68c6ca35a7393c9209378b9.json
[2025-09-21 13:45:37] HttpCache: STORE skip: status=404
[2025-09-21 13:45:41] HttpCache: MISS (no file): C:\inetpub\wwwroot\e2ce.com/storage/cache/html\3e\3e183a83e23dbdad6917b8e50872db38.json
[2025-09-21 13:45:41] HttpCache: STORE skip: set-cookie present
[2025-09-21 13:45:41] HttpCache: MISS (no file): C:\inetpub\wwwroot\e2ce.com/storage/cache/html\8e\8ea0362ff68c6ca35a7393c9209378b9.json
[2025-09-21 13:45:41] HttpCache: STORE skip: status=404
[2025-09-21 13:45:42] HttpCache: MISS (no file): C:\inetpub\wwwroot\e2ce.com/storage/cache/html\3e\3e183a83e23dbdad6917b8e50872db38.json
[2025-09-21 13:45:42] HttpCache: STORE skip: set-cookie present
[2025-09-21 13:45:42] HttpCache: MISS (no file): C:\inetpub\wwwroot\e2ce.com/storage/cache/html\8e\8ea0362ff68c6ca35a7393c9209378b9.json
[2025-09-21 13:45:42] HttpCache: STORE skip: status=404
[2025-09-21 13:45:43] HttpCache: MISS (no file): C:\inetpub\wwwroot\e2ce.com/storage/cache/html\ce\cedacfabc0d4169ad676c56fdef1f2aa.json
[2025-09-21 13:45:43] HttpCache: STORE skip: set-cookie present
[2025-09-21 13:46:52] HttpCache: MISS (no file): C:\inetpub\wwwroot\e2ce.com/storage/cache/html\3e\3e183a83e23dbdad6917b8e50872db38.json
[2025-09-21 13:46:52] HttpCache: STORE skip: set-cookie present
[2025-09-21 13:46:52] HttpCache: MISS (no file): C:\inetpub\wwwroot\e2ce.com/storage/cache/html\8e\8ea0362ff68c6ca35a7393c9209378b9.json
[2025-09-21 13:46:52] HttpCache: STORE skip: status=404
[2025-09-21 13:46:53] HttpCache: MISS (no file): C:\inetpub\wwwroot\e2ce.com/storage/cache/html\ce\cedacfabc0d4169ad676c56fdef1f2aa.json
[2025-09-21 13:46:53] HttpCache: STORE skip: set-cookie present
[2025-09-21 13:46:54] HttpCache: MISS (no file): C:\inetpub\wwwroot\e2ce.com/storage/cache/html\ce\cedacfabc0d4169ad676c56fdef1f2aa.json
[2025-09-21 13:46:54] HttpCache: STORE skip: set-cookie present
[2025-09-21 13:50:59] HttpCache: MISS (no file): C:\inetpub\wwwroot\e2ce.com/storage/cache/html\ce\cedacfabc0d4169ad676c56fdef1f2aa.json
[2025-09-21 13:50:59] HttpCache: MISS (no file): C:\inetpub\wwwroot\e2ce.com/storage/cache/html\ce\cedacfabc0d4169ad676c56fdef1f2aa.json
[2025-09-21 13:52:18] HttpCache: bypass: session cookie present
[2025-09-21 13:52:38] HttpCache: MISS (no file): C:\inetpub\wwwroot\e2ce.com/storage/cache/html\ce\cedacfabc0d4169ad676c56fdef1f2aa.json
[2025-09-21 13:52:38] HttpCache: STORE skip: set-cookie present
[2025-09-21 13:52:38] HttpCache: MISS (no file): C:\inetpub\wwwroot\e2ce.com/storage/cache/html\8e\8ea0362ff68c6ca35a7393c9209378b9.json
[2025-09-21 13:52:38] HttpCache: STORE skip: status=404
[2025-09-21 13:52:45] HttpCache: bypass: excluded path /lang/ar by #^/lang($|/)#
[2025-09-21 13:52:50] HttpCache: MISS (no file): C:\inetpub\wwwroot\e2ce.com/storage/cache/html\3e\3e183a83e23dbdad6917b8e50872db38.json
[2025-09-21 13:52:50] HttpCache: STORE skip: set-cookie present
[2025-09-21 13:52:50] HttpCache: MISS (no file): C:\inetpub\wwwroot\e2ce.com/storage/cache/html\8e\8ea0362ff68c6ca35a7393c9209378b9.json
[2025-09-21 13:52:50] HttpCache: STORE skip: status=404
[2025-09-21 13:52:51] HttpCache: MISS (no file): C:\inetpub\wwwroot\e2ce.com/storage/cache/html\1d\1d885c59ec4cc3dda5b4bd777ba836be.json
[2025-09-21 13:52:51] HttpCache: STORE skip: set-cookie present
[2025-09-21 13:52:51] HttpCache: MISS (no file): C:\inetpub\wwwroot\e2ce.com/storage/cache/html\8e\8ea0362ff68c6ca35a7393c9209378b9.json
[2025-09-21 13:52:51] HttpCache: STORE skip: status=404
[2025-09-21 13:52:53] HttpCache: MISS (no file): C:\inetpub\wwwroot\e2ce.com/storage/cache/html\66\66840ab11651b1ca1880022100cc8df3.json
[2025-09-21 13:52:53] HttpCache: STORE skip: set-cookie present
[2025-09-21 13:52:56] HttpCache: MISS (no file): C:\inetpub\wwwroot\e2ce.com/storage/cache/html\3e\3e183a83e23dbdad6917b8e50872db38.json
[2025-09-21 13:52:57] HttpCache: STORE skip: set-cookie present
[2025-09-21 13:52:57] HttpCache: MISS (no file): C:\inetpub\wwwroot\e2ce.com/storage/cache/html\8e\8ea0362ff68c6ca35a7393c9209378b9.json
[2025-09-21 13:52:57] HttpCache: STORE skip: status=404
[2025-09-21 13:53:06] HttpCache: MISS (no file): C:\inetpub\wwwroot\e2ce.com/storage/cache/html\3e\3e183a83e23dbdad6917b8e50872db38.json
[2025-09-21 13:53:06] HttpCache: STORE skip: set-cookie present
[2025-09-21 13:53:07] HttpCache: MISS (no file): C:\inetpub\wwwroot\e2ce.com/storage/cache/html\8e\8ea0362ff68c6ca35a7393c9209378b9.json
[2025-09-21 13:53:07] HttpCache: STORE skip: status=404
[2025-09-21 14:01:06] HttpCache: bypass: excluded path /lang/fr by #^/lang($|/)#
[2025-09-21 14:01:07] HttpCache: MISS (no file): C:\inetpub\wwwroot\e2ce.com/storage/cache/html\66\66840ab11651b1ca1880022100cc8df3.json
[2025-09-21 14:01:07] HttpCache: STORE skip: set-cookie present
[2025-09-21 14:01:08] HttpCache: MISS (no file): C:\inetpub\wwwroot\e2ce.com/storage/cache/html\3e\3e183a83e23dbdad6917b8e50872db38.json
[2025-09-21 14:01:08] HttpCache: STORE skip: set-cookie present
[2025-09-21 14:01:08] HttpCache: MISS (no file): C:\inetpub\wwwroot\e2ce.com/storage/cache/html\8e\8ea0362ff68c6ca35a7393c9209378b9.json
[2025-09-21 14:01:08] HttpCache: STORE skip: status=404
[2025-09-21 14:01:09] HttpCache: MISS (no file): C:\inetpub\wwwroot\e2ce.com/storage/cache/html\ce\cedacfabc0d4169ad676c56fdef1f2aa.json
[2025-09-21 14:01:09] HttpCache: STORE skip: set-cookie present
[2025-09-21 14:01:09] HttpCache: MISS (no file): C:\inetpub\wwwroot\e2ce.com/storage/cache/html\8e\8ea0362ff68c6ca35a7393c9209378b9.json
[2025-09-21 14:01:09] HttpCache: STORE skip: status=404
[2025-09-21 14:01:12] HttpCache: MISS (no file): C:\inetpub\wwwroot\e2ce.com/storage/cache/html\3e\3e183a83e23dbdad6917b8e50872db38.json
[2025-09-21 14:01:12] HttpCache: STORE skip: set-cookie present
[2025-09-21 14:01:12] HttpCache: MISS (no file): C:\inetpub\wwwroot\e2ce.com/storage/cache/html\8e\8ea0362ff68c6ca35a7393c9209378b9.json
[2025-09-21 14:01:12] HttpCache: STORE skip: status=404
[2025-09-21 14:03:24] HttpCache: MISS (no file): C:\inetpub\wwwroot\e2ce.com/storage/cache/html\3e\3e183a83e23dbdad6917b8e50872db38.json
[2025-09-21 14:03:24] HttpCache: STORE skip: set-cookie present
[2025-09-21 14:03:24] HttpCache: MISS (no file): C:\inetpub\wwwroot\e2ce.com/storage/cache/html\f4\f4d72736e4dea50f2a206ba2b102d11c.json
[2025-09-21 14:03:24] HttpCache: STORE skip: status=404
[2025-09-21 14:03:25] HttpCache: MISS (no file): C:\inetpub\wwwroot\e2ce.com/storage/cache/html\3e\3e183a83e23dbdad6917b8e50872db38.json
[2025-09-21 14:03:25] HttpCache: STORE skip: set-cookie present
[2025-09-21 14:03:25] HttpCache: MISS (no file): C:\inetpub\wwwroot\e2ce.com/storage/cache/html\f4\f4d72736e4dea50f2a206ba2b102d11c.json
[2025-09-21 14:03:25] HttpCache: STORE skip: status=404
[2025-09-21 14:03:26] HttpCache: MISS (no file): C:\inetpub\wwwroot\e2ce.com/storage/cache/html\3e\3e183a83e23dbdad6917b8e50872db38.json
[2025-09-21 14:03:26] HttpCache: STORE skip: set-cookie present
[2025-09-21 14:03:26] HttpCache: MISS (no file): C:\inetpub\wwwroot\e2ce.com/storage/cache/html\f4\f4d72736e4dea50f2a206ba2b102d11c.json
[2025-09-21 14:03:26] HttpCache: STORE skip: status=404
[2025-09-21 14:03:26] HttpCache: MISS (no file): C:\inetpub\wwwroot\e2ce.com/storage/cache/html\3e\3e183a83e23dbdad6917b8e50872db38.json
[2025-09-21 14:03:26] HttpCache: STORE skip: set-cookie present
[2025-09-21 14:03:27] HttpCache: MISS (no file): C:\inetpub\wwwroot\e2ce.com/storage/cache/html\f4\f4d72736e4dea50f2a206ba2b102d11c.json
[2025-09-21 14:03:27] HttpCache: STORE skip: status=404
[2025-09-21 14:03:27] HttpCache: MISS (no file): C:\inetpub\wwwroot\e2ce.com/storage/cache/html\3e\3e183a83e23dbdad6917b8e50872db38.json
[2025-09-21 14:03:27] HttpCache: STORE skip: set-cookie present
[2025-09-21 14:03:27] HttpCache: MISS (no file): C:\inetpub\wwwroot\e2ce.com/storage/cache/html\f4\f4d72736e4dea50f2a206ba2b102d11c.json
[2025-09-21 14:03:27] HttpCache: STORE skip: status=404
[2025-09-21 14:03:28] HttpCache: MISS (no file): C:\inetpub\wwwroot\e2ce.com/storage/cache/html\3e\3e183a83e23dbdad6917b8e50872db38.json
[2025-09-21 14:03:28] HttpCache: STORE skip: set-cookie present
[2025-09-21 14:03:29] HttpCache: MISS (no file): C:\inetpub\wwwroot\e2ce.com/storage/cache/html\f4\f4d72736e4dea50f2a206ba2b102d11c.json
[2025-09-21 14:03:29] HttpCache: STORE skip: status=404
[2025-09-21 14:03:40] HttpCache: MISS (no file): C:\inetpub\wwwroot\e2ce.com/storage/cache/html\f4\f4d72736e4dea50f2a206ba2b102d11c.json
[2025-09-21 14:03:40] HttpCache: STORE skip: status=404
[2025-09-21 14:03:42] HttpCache: MISS (no file): C:\inetpub\wwwroot\e2ce.com/storage/cache/html\f4\f4d72736e4dea50f2a206ba2b102d11c.json
[2025-09-21 14:03:42] HttpCache: STORE skip: status=404
[2025-09-21 14:03:42] HttpCache: MISS (no file): C:\inetpub\wwwroot\e2ce.com/storage/cache/html\f4\f4d72736e4dea50f2a206ba2b102d11c.json
[2025-09-21 14:03:42] HttpCache: STORE skip: status=404
[2025-09-21 14:03:53] HttpCache: MISS (no file): C:\inetpub\wwwroot\e2ce.com/storage/cache/html\8e\8ea0362ff68c6ca35a7393c9209378b9.json
[2025-09-21 14:03:53] HttpCache: STORE skip: status=404
[2025-09-21 14:04:46] HttpCache: MISS (no file): C:\inetpub\wwwroot\e2ce.com/storage/cache/html\3e\3e183a83e23dbdad6917b8e50872db38.json
[2025-09-21 14:04:46] HttpCache: STORE skip: set-cookie present
[2025-09-21 14:05:15] HttpCache: MISS (no file): C:\inetpub\wwwroot\e2ce.com/storage/cache/html\3e\3e183a83e23dbdad6917b8e50872db38.json
[2025-09-21 14:05:15] HttpCache: STORE skip: set-cookie present
[2025-09-21 14:05:20] HttpCache: MISS (no file): C:\inetpub\wwwroot\e2ce.com/storage/cache/html\3e\3e183a83e23dbdad6917b8e50872db38.json
[2025-09-21 14:05:20] HttpCache: STORE skip: set-cookie present
[2025-09-21 14:05:25] HttpCache: MISS (no file): C:\inetpub\wwwroot\e2ce.com/storage/cache/html\3e\3e183a83e23dbdad6917b8e50872db38.json
[2025-09-21 14:05:25] HttpCache: STORE skip: set-cookie present
[2025-09-21 14:05:33] HttpCache: MISS (no file): C:\inetpub\wwwroot\e2ce.com/storage/cache/html\3e\3e183a83e23dbdad6917b8e50872db38.json
[2025-09-21 14:05:33] HttpCache: STORE skip: set-cookie present
[2025-09-21 14:05:40] HttpCache: MISS (no file): C:\inetpub\wwwroot\e2ce.com/storage/cache/html\3e\3e183a83e23dbdad6917b8e50872db38.json
[2025-09-21 14:05:40] HttpCache: STORE skip: set-cookie present
[2025-09-21 14:06:26] HttpCache: MISS (no file): C:\inetpub\wwwroot\e2ce.com/storage/cache/html\ce\cedacfabc0d4169ad676c56fdef1f2aa.json
[2025-09-21 14:06:26] HttpCache: STORE skip: set-cookie present
[2025-09-21 14:07:01] HttpCache: MISS (no file): C:\inetpub\wwwroot\e2ce.com/storage/cache/html\83\83ae8a54991250af080071fd76ccf11e.json
[2025-09-21 14:07:01] HttpCache: STORE skip: status=404
[2025-09-21 14:07:07] HttpCache: MISS (no file): C:\inetpub\wwwroot\e2ce.com/storage/cache/html\3e\3e183a83e23dbdad6917b8e50872db38.json
[2025-09-21 14:07:07] HttpCache: STORE skip: set-cookie present
[2025-09-21 14:07:09] HttpCache: MISS (no file): C:\inetpub\wwwroot\e2ce.com/storage/cache/html\1d\1d885c59ec4cc3dda5b4bd777ba836be.json
[2025-09-21 14:07:09] HttpCache: STORE skip: set-cookie present
[2025-09-21 14:07:10] HttpCache: MISS (no file): C:\inetpub\wwwroot\e2ce.com/storage/cache/html\3e\3e183a83e23dbdad6917b8e50872db38.json
[2025-09-21 14:07:10] HttpCache: STORE skip: set-cookie present
[2025-09-21 14:07:11] HttpCache: MISS (no file): C:\inetpub\wwwroot\e2ce.com/storage/cache/html\b1\b15dbd3352a1bb5502060cd99b19fa29.json
[2025-09-21 14:07:11] HttpCache: STORE skip: set-cookie present
[2025-09-21 14:07:12] HttpCache: MISS (no file): C:\inetpub\wwwroot\e2ce.com/storage/cache/html\3e\3e183a83e23dbdad6917b8e50872db38.json
[2025-09-21 14:07:12] HttpCache: STORE skip: set-cookie present
[2025-09-21 14:08:07] HttpCache: MISS (no file): C:\inetpub\wwwroot\e2ce.com/storage/cache/html\ce\cedacfabc0d4169ad676c56fdef1f2aa.json
[2025-09-21 14:08:07] HttpCache: STORE skip: set-cookie present
[2025-09-21 14:12:17] HttpCache: bypass: excluded path /lang/tr by #^/lang($|/)#
[2025-09-21 14:12:24] HttpCache: MISS (no file): C:\inetpub\wwwroot\e2ce.com/storage/cache/html\66\66840ab11651b1ca1880022100cc8df3.json
[2025-09-21 14:12:24] HttpCache: STORE skip: set-cookie present
[2025-09-21 14:18:56] HttpCache: MISS (no file): C:\inetpub\wwwroot\e2ce.com/storage/cache/html\3e\3e183a83e23dbdad6917b8e50872db38.json
[2025-09-21 14:18:56] HttpCache: STORE skip: set-cookie present
[2025-09-21 14:24:15] HttpCache: MISS (no file): C:\inetpub\wwwroot\e2ce.com/storage/cache/html\d9\d98ff589845527c70ef15ff4b9cb3d81.json
[2025-09-21 14:24:15] HttpCache: STORE skip: status=404
[2025-09-21 14:32:43] HttpCache: MISS (no file): C:\inetpub\wwwroot\e2ce.com/storage/cache/html\ce\cedacfabc0d4169ad676c56fdef1f2aa.json
[2025-09-21 14:32:43] HttpCache: STORE skip: set-cookie present
